# JRE version: OpenJDK Runtime Environment Temurin-21.0.10+7 (21.0.10+7) (build 21.0.10+7-LTS)
# Java VM: OpenJDK 64-Bit Server VM Temurin-21.0.10+7 (21.0.10+7-LTS, mixed mode, sharing, tiered, compressed oops, compressed class ptrs, parallel gc, windows-amd64)
GC Precious Log:
 CardTable entry size: 512
 CPUs: 12 total, 12 available
 Memory: 7860M
 Large Page Support: Disabled
 NUMA Support: Disabled
 Compressed Oops: Enabled (32-bit)
 Alignments: Space 512K, Generation 512K, Heap 2M
 Heap Min Capacity: 100M
 Heap Initial Capacity: 100M
 Heap Max Capacity: 2G
 Pre-touch: Disabled
 Parallel Workers: 10
Heap:
 PSYoungGen      total 3072K, used 1005K [0x00000000d5580000, 0x00000000d5980000, 0x0000000100000000)
  eden space 2048K, 0% used [0x00000000d5580000,0x00000000d5580000,0x00000000d5780000)
  from space 1024K, 98% used [0x00000000d5780000,0x00000000d587b680,0x00000000d5880000)
  to   space 1024K, 0% used [0x00000000d5880000,0x00000000d5880000,0x00000000d5980000)
 ParOldGen       total 804864K, used 804473K [0x0000000080000000, 0x00000000b1200000, 0x00000000d5580000)
  object space 804864K, 99% used [0x0000000080000000,0x00000000b119e6e0,0x00000000b1200000)
 Metaspace       used 72379K, committed 73856K, reserved 1179648K
  class space    used 7687K, committed 8384K, reserved 1048576K
GC Heap History (20 events):
Event: 63.632 GC heap after
{Heap after GC invocations=1562 (full 3):
 PSYoungGen      total 3584K, used 785K [0x00000000d5580000, 0x00000000d5a00000, 0x0000000100000000)
  eden space 2560K, 0% used [0x00000000d5580000,0x00000000d5580000,0x00000000d5800000)
  from space 1024K, 76% used [0x00000000d5800000,0x00000000d58c45d0,0x00000000d5900000)
  to   space 1024K, 0% used [0x00000000d5900000,0x00000000d5900000,0x00000000d5a00000)
 ParOldGen       total 797696K, used 797690K [0x0000000080000000, 0x00000000b0b00000, 0x00000000d5580000)
  object space 797696K, 99% used [0x0000000080000000,0x00000000b0afeb18,0x00000000b0b00000)
 Metaspace       used 72378K, committed 73856K, reserved 1179648K
  class space    used 7687K, committed 8384K, reserved 1048576K
}
Event: 63.677 GC heap before
{Heap before GC invocations=1563 (full 3):
 PSYoungGen      total 3584K, used 3345K [0x00000000d5580000, 0x00000000d5a00000, 0x0000000100000000)
  eden space 2560K, 99% used [0x00000000d5580000,0x00000000d57fffa0,0x00000000d5800000)
  from space 1024K, 76% used [0x00000000d5800000,0x00000000d58c45d0,0x00000000d5900000)
  to   space 1024K, 0% used [0x00000000d5900000,0x00000000d5900000,0x00000000d5a00000)
 ParOldGen       total 797696K, used 797690K [0x0000000080000000, 0x00000000b0b00000, 0x00000000d5580000)
  object space 797696K, 99% used [0x0000000080000000,0x00000000b0afeb18,0x00000000b0b00000)
 Metaspace       used 72378K, committed 73856K, reserved 1179648K
  class space    used 7687K, committed 8384K, reserved 1048576K
}
Event: 63.679 GC heap after
{Heap after GC invocations=1563 (full 3):
 PSYoungGen      total 2560K, used 1010K [0x00000000d5580000, 0x00000000d5c00000, 0x0000000100000000)
  eden space 1536K, 0% used [0x00000000d5580000,0x00000000d5580000,0x00000000d5700000)
  from space 1024K, 98% used [0x00000000d5900000,0x00000000d59fc808,0x00000000d5a00000)
  to   space 2048K, 0% used [0x00000000d5700000,0x00000000d5700000,0x00000000d5900000)
 ParOldGen       total 798720K, used 798255K [0x0000000080000000, 0x00000000b0c00000, 0x00000000d5580000)
  object space 798720K, 99% used [0x0000000080000000,0x00000000b0b8bd98,0x00000000b0c00000)
 Metaspace       used 72378K, committed 73856K, reserved 1179648K
  class space    used 7687K, committed 8384K, reserved 1048576K
}
Event: 63.721 GC heap before
{Heap before GC invocations=1564 (full 3):
 PSYoungGen      total 2560K, used 2546K [0x00000000d5580000, 0x00000000d5c00000, 0x0000000100000000)
  eden space 1536K, 100% used [0x00000000d5580000,0x00000000d5700000,0x00000000d5700000)
  from space 1024K, 98% used [0x00000000d5900000,0x00000000d59fc808,0x00000000d5a00000)
  to   space 2048K, 0% used [0x00000000d5700000,0x00000000d5700000,0x00000000d5900000)
 ParOldGen       total 798720K, used 798255K [0x0000000080000000, 0x00000000b0c00000, 0x00000000d5580000)
  object space 798720K, 99% used [0x0000000080000000,0x00000000b0b8bd98,0x00000000b0c00000)
 Metaspace       used 72378K, committed 73856K, reserved 1179648K
  class space    used 7687K, committed 8384K, reserved 1048576K
}
Event: 63.736 GC heap after
{Heap after GC invocations=1564 (full 3):
 PSYoungGen      total 2560K, used 608K [0x00000000d5580000, 0x00000000d5980000, 0x0000000100000000)
  eden space 1536K, 0% used [0x00000000d5580000,0x00000000d5580000,0x00000000d5700000)
  from space 1024K, 59% used [0x00000000d5700000,0x00000000d5798000,0x00000000d5800000)
  to   space 1024K, 0% used [0x00000000d5880000,0x00000000d5880000,0x00000000d5980000)
 ParOldGen       total 799232K, used 799189K [0x0000000080000000, 0x00000000b0c80000, 0x00000000d5580000)
  object space 799232K, 99% used [0x0000000080000000,0x00000000b0c75408,0x00000000b0c80000)
 Metaspace       used 72378K, committed 73856K, reserved 1179648K
  class space    used 7687K, committed 8384K, reserved 1048576K
}
Event: 63.755 GC heap before
{Heap before GC invocations=1565 (full 3):
 PSYoungGen      total 2560K, used 2144K [0x00000000d5580000, 0x00000000d5980000, 0x0000000100000000)
  eden space 1536K, 100% used [0x00000000d5580000,0x00000000d5700000,0x00000000d5700000)
  from space 1024K, 59% used [0x00000000d5700000,0x00000000d5798000,0x00000000d5800000)
  to   space 1024K, 0% used [0x00000000d5880000,0x00000000d5880000,0x00000000d5980000)
 ParOldGen       total 799232K, used 799189K [0x0000000080000000, 0x00000000b0c80000, 0x00000000d5580000)
  object space 799232K, 99% used [0x0000000080000000,0x00000000b0c75408,0x00000000b0c80000)
 Metaspace       used 72378K, committed 73856K, reserved 1179648K
  class space    used 7687K, committed 8384K, reserved 1048576K
}
Event: 63.757 GC heap after
{Heap after GC invocations=1565 (full 3):
 PSYoungGen      total 2560K, used 640K [0x00000000d5580000, 0x00000000d5980000, 0x0000000100000000)
  eden space 1536K, 0% used [0x00000000d5580000,0x00000000d5580000,0x00000000d5700000)
  from space 1024K, 62% used [0x00000000d5880000,0x00000000d5920000,0x00000000d5980000)
  to   space 1024K, 0% used [0x00000000d5700000,0x00000000d5700000,0x00000000d5800000)
 ParOldGen       total 799744K, used 799642K [0x0000000080000000, 0x00000000b0d00000, 0x00000000d5580000)
  object space 799744K, 99% used [0x0000000080000000,0x00000000b0ce6a18,0x00000000b0d00000)
 Metaspace       used 72378K, committed 73856K, reserved 1179648K
  class space    used 7687K, committed 8384K, reserved 1048576K
}
Event: 63.781 GC heap before
{Heap before GC invocations=1566 (full 3):
 PSYoungGen      total 2560K, used 2175K [0x00000000d5580000, 0x00000000d5980000, 0x0000000100000000)
  eden space 1536K, 99% used [0x00000000d5580000,0x00000000d56ffff0,0x00000000d5700000)
  from space 1024K, 62% used [0x00000000d5880000,0x00000000d5920000,0x00000000d5980000)
  to   space 1024K, 0% used [0x00000000d5700000,0x00000000d5700000,0x00000000d5800000)
 ParOldGen       total 799744K, used 799642K [0x0000000080000000, 0x00000000b0d00000, 0x00000000d5580000)
  object space 799744K, 99% used [0x0000000080000000,0x00000000b0ce6a18,0x00000000b0d00000)
 Metaspace       used 72378K, committed 73856K, reserved 1179648K
  class space    used 7687K, committed 8384K, reserved 1048576K
}
Event: 63.783 GC heap after
{Heap after GC invocations=1566 (full 3):
 PSYoungGen      total 2560K, used 672K [0x00000000d5580000, 0x00000000d5900000, 0x0000000100000000)
  eden space 1536K, 0% used [0x00000000d5580000,0x00000000d5580000,0x00000000d5700000)
  from space 1024K, 65% used [0x00000000d5700000,0x00000000d57a8000,0x00000000d5800000)
  to   space 1024K, 0% used [0x00000000d5800000,0x00000000d5800000,0x00000000d5900000)
 ParOldGen       total 800256K, used 800070K [0x0000000080000000, 0x00000000b0d80000, 0x00000000d5580000)
  object space 800256K, 99% used [0x0000000080000000,0x00000000b0d51980,0x00000000b0d80000)
 Metaspace       used 72378K, committed 73856K, reserved 1179648K
  class space    used 7687K, committed 8384K, reserved 1048576K
}
Event: 63.803 GC heap before
{Heap before GC invocations=1567 (full 3):
 PSYoungGen      total 2560K, used 2208K [0x00000000d5580000, 0x00000000d5900000, 0x0000000100000000)
  eden space 1536K, 100% used [0x00000000d5580000,0x00000000d5700000,0x00000000d5700000)
  from space 1024K, 65% used [0x00000000d5700000,0x00000000d57a8000,0x00000000d5800000)
  to   space 1024K, 0% used [0x00000000d5800000,0x00000000d5800000,0x00000000d5900000)
 ParOldGen       total 800256K, used 800070K [0x0000000080000000, 0x00000000b0d80000, 0x00000000d5580000)
  object space 800256K, 99% used [0x0000000080000000,0x00000000b0d51980,0x00000000b0d80000)
 Metaspace       used 72378K, committed 73856K, reserved 1179648K
  class space    used 7687K, committed 8384K, reserved 1048576K
}
Event: 63.804 GC heap after
{Heap after GC invocations=1567 (full 3):
 PSYoungGen      total 2560K, used 594K [0x00000000d5580000, 0x00000000d5900000, 0x0000000100000000)
  eden space 1536K, 0% used [0x00000000d5580000,0x00000000d5580000,0x00000000d5700000)
  from space 1024K, 58% used [0x00000000d5800000,0x00000000d5894808,0x00000000d5900000)
  to   space 1024K, 0% used [0x00000000d5700000,0x00000000d5700000,0x00000000d5800000)
 ParOldGen       total 800768K, used 800623K [0x0000000080000000, 0x00000000b0e00000, 0x00000000d5580000)
  object space 800768K, 99% used [0x0000000080000000,0x00000000b0ddbd98,0x00000000b0e00000)
 Metaspace       used 72378K, committed 73856K, reserved 1179648K
  class space    used 7687K, committed 8384K, reserved 1048576K
}
Event: 63.833 GC heap before
{Heap before GC invocations=1568 (full 3):
 PSYoungGen      total 2560K, used 2130K [0x00000000d5580000, 0x00000000d5900000, 0x0000000100000000)
  eden space 1536K, 100% used [0x00000000d5580000,0x00000000d5700000,0x00000000d5700000)
  from space 1024K, 58% used [0x00000000d5800000,0x00000000d5894808,0x00000000d5900000)
  to   space 1024K, 0% used [0x00000000d5700000,0x00000000d5700000,0x00000000d5800000)
 ParOldGen       total 800768K, used 800623K [0x0000000080000000, 0x00000000b0e00000, 0x00000000d5580000)
  object space 800768K, 99% used [0x0000000080000000,0x00000000b0ddbd98,0x00000000b0e00000)
 Metaspace       used 72378K, committed 73856K, reserved 1179648K
  class space    used 7687K, committed 8384K, reserved 1048576K
}
Event: 63.834 GC heap after
{Heap after GC invocations=1568 (full 3):
 PSYoungGen      total 2560K, used 800K [0x00000000d5580000, 0x00000000d5900000, 0x0000000100000000)
  eden space 1536K, 0% used [0x00000000d5580000,0x00000000d5580000,0x00000000d5700000)
  from space 1024K, 78% used [0x00000000d5700000,0x00000000d57c8000,0x00000000d5800000)
  to   space 1024K, 0% used [0x00000000d5800000,0x00000000d5800000,0x00000000d5900000)
 ParOldGen       total 801280K, used 801062K [0x0000000080000000, 0x00000000b0e80000, 0x00000000d5580000)
  object space 801280K, 99% used [0x0000000080000000,0x00000000b0e49958,0x00000000b0e80000)
 Metaspace       used 72378K, committed 73856K, reserved 1179648K
  class space    used 7687K, committed 8384K, reserved 1048576K
}
Event: 63.870 GC heap before
{Heap before GC invocations=1569 (full 3):
 PSYoungGen      total 2560K, used 2336K [0x00000000d5580000, 0x00000000d5900000, 0x0000000100000000)
  eden space 1536K, 100% used [0x00000000d5580000,0x00000000d5700000,0x00000000d5700000)
  from space 1024K, 78% used [0x00000000d5700000,0x00000000d57c8000,0x00000000d5800000)
  to   space 1024K, 0% used [0x00000000d5800000,0x00000000d5800000,0x00000000d5900000)
 ParOldGen       total 801280K, used 801062K [0x0000000080000000, 0x00000000b0e80000, 0x00000000d5580000)
  object space 801280K, 99% used [0x0000000080000000,0x00000000b0e49958,0x00000000b0e80000)
 Metaspace       used 72378K, committed 73856K, reserved 1179648K
  class space    used 7687K, committed 8384K, reserved 1048576K
}
Event: 63.873 GC heap after
{Heap after GC invocations=1569 (full 3):
 PSYoungGen      total 2560K, used 804K [0x00000000d5580000, 0x00000000d5900000, 0x0000000100000000)
  eden space 1536K, 0% used [0x00000000d5580000,0x00000000d5580000,0x00000000d5700000)
  from space 1024K, 78% used [0x00000000d5800000,0x00000000d58c9038,0x00000000d5900000)
  to   space 1024K, 0% used [0x00000000d5700000,0x00000000d5700000,0x00000000d5800000)
 ParOldGen       total 801792K, used 801728K [0x0000000080000000, 0x00000000b0f00000, 0x00000000d5580000)
  object space 801792K, 99% used [0x0000000080000000,0x00000000b0ef02a0,0x00000000b0f00000)
 Metaspace       used 72378K, committed 73856K, reserved 1179648K
  class space    used 7687K, committed 8384K, reserved 1048576K
}
Event: 63.905 GC heap before
{Heap before GC invocations=1570 (full 3):
 PSYoungGen      total 2560K, used 2340K [0x00000000d5580000, 0x00000000d5900000, 0x0000000100000000)
  eden space 1536K, 100% used [0x00000000d5580000,0x00000000d5700000,0x00000000d5700000)
  from space 1024K, 78% used [0x00000000d5800000,0x00000000d58c9038,0x00000000d5900000)
  to   space 1024K, 0% used [0x00000000d5700000,0x00000000d5700000,0x00000000d5800000)
 ParOldGen       total 801792K, used 801728K [0x0000000080000000, 0x00000000b0f00000, 0x00000000d5580000)
  object space 801792K, 99% used [0x0000000080000000,0x00000000b0ef02a0,0x00000000b0f00000)
 Metaspace       used 72379K, committed 73856K, reserved 1179648K
  class space    used 7687K, committed 8384K, reserved 1048576K
}
Event: 63.906 GC heap after
{Heap after GC invocations=1570 (full 3):
 PSYoungGen      total 2560K, used 768K [0x00000000d5580000, 0x00000000d5900000, 0x0000000100000000)
  eden space 1536K, 0% used [0x00000000d5580000,0x00000000d5580000,0x00000000d5700000)
  from space 1024K, 75% used [0x00000000d5700000,0x00000000d57c0000,0x00000000d5800000)
  to   space 1024K, 0% used [0x00000000d5800000,0x00000000d5800000,0x00000000d5900000)
 ParOldGen       total 802304K, used 802096K [0x0000000080000000, 0x00000000b0f80000, 0x00000000d5580000)
  object space 802304K, 99% used [0x0000000080000000,0x00000000b0f4c0b8,0x00000000b0f80000)
 Metaspace       used 72379K, committed 73856K, reserved 1179648K
  class space    used 7687K, committed 8384K, reserved 1048576K
}
Event: 63.930 GC heap before
{Heap before GC invocations=1571 (full 3):
 PSYoungGen      total 2560K, used 2304K [0x00000000d5580000, 0x00000000d5900000, 0x0000000100000000)
  eden space 1536K, 100% used [0x00000000d5580000,0x00000000d5700000,0x00000000d5700000)
  from space 1024K, 75% used [0x00000000d5700000,0x00000000d57c0000,0x00000000d5800000)
  to   space 1024K, 0% used [0x00000000d5800000,0x00000000d5800000,0x00000000d5900000)
 ParOldGen       total 802304K, used 802096K [0x0000000080000000, 0x00000000b0f80000, 0x00000000d5580000)
  object space 802304K, 99% used [0x0000000080000000,0x00000000b0f4c0b8,0x00000000b0f80000)
 Metaspace       used 72379K, committed 73856K, reserved 1179648K
  class space    used 7687K, committed 8384K, reserved 1048576K
}
Event: 63.932 GC heap after
{Heap after GC invocations=1571 (full 3):
 PSYoungGen      total 2560K, used 672K [0x00000000d5580000, 0x00000000d5900000, 0x0000000100000000)
  eden space 1536K, 0% used [0x00000000d5580000,0x00000000d5580000,0x00000000d5700000)
  from space 1024K, 65% used [0x00000000d5800000,0x00000000d58a8000,0x00000000d5900000)
  to   space 1024K, 0% used [0x00000000d5700000,0x00000000d5700000,0x00000000d5800000)
 ParOldGen       total 802816K, used 802706K [0x0000000080000000, 0x00000000b1000000, 0x00000000d5580000)
  object space 802816K, 99% used [0x0000000080000000,0x00000000b0fe4870,0x00000000b1000000)
 Metaspace       used 72379K, committed 73856K, reserved 1179648K
  class space    used 7687K, committed 8384K, reserved 1048576K
}
Event: 63.978 GC heap before
{Heap before GC invocations=1572 (full 3):
 PSYoungGen      total 2560K, used 2208K [0x00000000d5580000, 0x00000000d5900000, 0x0000000100000000)
  eden space 1536K, 100% used [0x00000000d5580000,0x00000000d5700000,0x00000000d5700000)
  from space 1024K, 65% used [0x00000000d5800000,0x00000000d58a8000,0x00000000d5900000)
  to   space 1024K, 0% used [0x00000000d5700000,0x00000000d5700000,0x00000000d5800000)
 ParOldGen       total 802816K, used 802706K [0x0000000080000000, 0x00000000b1000000, 0x00000000d5580000)
  object space 802816K, 99% used [0x0000000080000000,0x00000000b0fe4870,0x00000000b1000000)
 Metaspace       used 72379K, committed 73856K, reserved 1179648K
  class space    used 7687K, committed 8384K, reserved 1048576K
}

